<?xml version="1.0" encoding="UTF-8"?>
<testsuite name="de.korte_daniel.zaubernina.data.GrundschriftTest" tests="9" skipped="0" failures="0" errors="0" timestamp="2026-08-29T17:15:35.744Z" hostname="nexus" time="0.079">
  <properties/>
  <testcase name="Grossbuchstaben stehen zwischen Oberlinie und Grundlinie" classname="de.korte_daniel.zaubernina.data.GrundschriftTest" time="0.039"/>
  <testcase name="alle zehn Ziffern sind gezeichnet" classname="de.korte_daniel.zaubernina.data.GrundschriftTest" time="0.0"/>
  <testcase name="das komplette grosse Alphabet ist gezeichnet" classname="de.korte_daniel.zaubernina.data.GrundschriftTest" time="0.001"/>
  <testcase name="jeder Strich laesst sich sauber nachfahren" classname="de.korte_daniel.zaubernina.data.GrundschriftTest" time="0.009"/>
  <testcase name="jeder Buchstabe jedes Uebungswortes ist gezeichnet" classname="de.korte_daniel.zaubernina.data.GrundschriftTest" time="0.001"/>
  <testcase name="jeder Strich beginnt dort wo das Kind ihn beginnen soll" classname="de.korte_daniel.zaubernina.data.GrundschriftTest" time="0.0"/>
  <testcase name="alle Punkte liegen in der Zeichenbox" classname="de.korte_daniel.zaubernina.data.GrundschriftTest" time="0.016"/>
  <testcase name="auch Ziffern stehen zwischen Oberlinie und Grundlinie" classname="de.korte_daniel.zaubernina.data.GrundschriftTest" time="0.001"/>
  <testcase name="kein Strich ist zu kurz zum Nachfahren" classname="de.korte_daniel.zaubernina.data.GrundschriftTest" time="0.008"/>
  <system-out><![CDATA[]]></system-out>
  <system-err><![CDATA[]]></system-err>
</testsuite>
