<?xml version="1.0" encoding="UTF-8"?>
<testsuite name="de.korte_daniel.zaubernina.logic.ElternfrageTest" tests="5" skipped="0" failures="0" errors="0" timestamp="2026-08-28T20:00:11.362Z" hostname="nexus" time="0.034">
  <properties/>
  <testcase name="die Loesung ist immer zweistellig" classname="de.korte_daniel.zaubernina.logic.ElternfrageTest" time="0.021"/>
  <testcase name="die Aufgabe steht als Text da" classname="de.korte_daniel.zaubernina.logic.ElternfrageTest" time="0.001"/>
  <testcase name="die Pruefung nimmt nur die richtige Zahl" classname="de.korte_daniel.zaubernina.logic.ElternfrageTest" time="0.006"/>
  <testcase name="keine Aufgabe ist fuer ein Schulkind zu leicht" classname="de.korte_daniel.zaubernina.logic.ElternfrageTest" time="0.004"/>
  <testcase name="es kommt nicht immer dieselbe Aufgabe" classname="de.korte_daniel.zaubernina.logic.ElternfrageTest" time="0.002"/>
  <system-out><![CDATA[]]></system-out>
  <system-err><![CDATA[]]></system-err>
</testsuite>
