<?xml version="1.0" encoding="UTF-8"?>
<testsuite name="de.korte_daniel.zaubernina.logic.StrokeTrackerTest" tests="15" skipped="0" failures="0" errors="0" timestamp="2026-08-29T20:40:45.429Z" hostname="nexus" time="0.013">
  <properties/>
  <testcase name="Genauigkeit wirkt - was leicht durchgeht faellt bei genau durch" classname="de.korte_daniel.zaubernina.logic.StrokeTrackerTest" time="0.001"/>
  <testcase name="eine Abkuerzung quer ueber den Bogen wird nicht anerkannt" classname="de.korte_daniel.zaubernina.logic.StrokeTrackerTest" time="0.0"/>
  <testcase name="ein Sprung weiter als die Vorausschau wird nicht anerkannt" classname="de.korte_daniel.zaubernina.logic.StrokeTrackerTest" time="0.0"/>
  <testcase name="daneben behaelt den Fortschritt und man kann zurueckkommen" classname="de.korte_daniel.zaubernina.logic.StrokeTrackerTest" time="0.001"/>
  <testcase name="rueckwaerts zaehlt nicht" classname="de.korte_daniel.zaubernina.logic.StrokeTrackerTest" time="0.0"/>
  <testcase name="der Anteil waechst monoton" classname="de.korte_daniel.zaubernina.logic.StrokeTrackerTest" time="0.0"/>
  <testcase name="ein stillstehender Finger schreibt nichts" classname="de.korte_daniel.zaubernina.logic.StrokeTrackerTest" time="0.001"/>
  <testcase name="kurz vor Schluss loslassen zaehlt trotzdem" classname="de.korte_daniel.zaubernina.logic.StrokeTrackerTest" time="0.0"/>
  <testcase name="nur der Startpunkt beginnt den Strich" classname="de.korte_daniel.zaubernina.logic.StrokeTrackerTest" time="0.0"/>
  <testcase name="das O wird nicht durch eine Beruehrung am Start fertig" classname="de.korte_daniel.zaubernina.logic.StrokeTrackerTest" time="0.001"/>
  <testcase name="ein kurzer Strich wird auch fertig wenn die letzten Frames fehlen" classname="de.korte_daniel.zaubernina.logic.StrokeTrackerTest" time="0.0"/>
  <testcase name="ein Wisch ohne Startberuehrung beginnt nichts" classname="de.korte_daniel.zaubernina.logic.StrokeTrackerTest" time="0.008"/>
  <testcase name="Anheben nach dem Ende macht nichts kaputt" classname="de.korte_daniel.zaubernina.logic.StrokeTrackerTest" time="0.0"/>
  <testcase name="Anheben beginnt den Strich von vorn" classname="de.korte_daniel.zaubernina.logic.StrokeTrackerTest" time="0.0"/>
  <testcase name="ein sauber nachgefahrener Strich wird fertig" classname="de.korte_daniel.zaubernina.logic.StrokeTrackerTest" time="0.0"/>
  <system-out><![CDATA[]]></system-out>
  <system-err><![CDATA[]]></system-err>
</testsuite>
